2025/04/01 10:45:29 Running on port 8088
2025/04/01 10:45:43 user created successfully
2025/04/01 11:08:16 user updated successfully
2025/04/01 11:11:13 user created successfully
2025/04/01 11:14:38 Running on port 8088
2025/04/01 11:14:54 user created successfully
2025/04/01 11:36:09 Running on port 8088
2025/04/01 11:36:23 user updated successfully
2025/04/01 11:44:16 Running on port 8088
2025/04/01 11:44:42 user fetched successfully
2025/04/01 12:21:12 Running on port 8088
2025/04/01 12:23:21 user updated successfully
2025/04/01 12:23:43 user fetched successfully
2025/04/01 12:25:11 user fetched successfully
2025/04/01 13:09:49 Running on port 8088
2025/04/01 13:12:52 user loggined successfully
2025/04/01 13:13:53 Error executing stored procedure EXEC sp_CMS_UserLogin @UserJSON = ?: mssql: Invalid object name 'ubtUser.sp_CMS_UserLogin'.
2025/04/01 13:15:34 user loggined successfully
2025/04/01 13:16:10 user loggined successfully
2025/04/01 13:16:38 user loggined successfully
2025/04/01 13:17:04 user loggined successfully
2025/04/01 13:25:12 user loggined successfully
2025/04/01 13:37:01 Running on port 8088
2025/04/01 13:37:18 user loggined successfully
2025/04/01 13:38:05 user loggined successfully
2025/04/01 15:21:08 user loggined successfully
2025/04/01 15:21:18 user loggined successfully
2025/04/01 15:22:55 user loggined successfully
2025/04/01 15:25:04 Running on port 8088
2025/04/01 15:25:15 user loggined successfully
2025/04/01 15:37:07 Running on port 8088
2025/04/01 15:37:16 user loggined successfully
2025/04/01 15:47:24 Running on port 8088
2025/04/01 15:47:35 Login failed: Invalid password
2025/04/01 16:10:41 Running on port 8088
2025/04/01 16:10:54 Login failed: Invalid password
2025/04/01 16:10:54 user logged in successfully
2025/04/01 16:17:09 Running on port 8088
2025/04/01 16:17:17 Login failed: Invalid password
2025/04/01 16:19:01 Login failed: Invalid password
2025/04/01 16:19:10 Login failed: Invalid password
2025/04/01 16:25:42 user logged in successfully
2025/04/01 16:39:01 Login failed: User is not found
2025/04/01 16:46:30 Running on port 8088
2025/04/01 16:46:43 user logged in successfully
2025/04/01 16:48:59 Running on port 8088
2025/04/01 16:49:08 Login failed: User is not found
2025/04/01 17:18:04 Running on port 8088
2025/04/01 17:23:20 Running on port 8088
